2026-07-18 16:11:12 | REMOVE | backend/src/routes/teacher.ts            |    0 |   -214 | 
2026-07-18 16:11:12 | CREATE | backend/src/routes/teacher.ts            |  297 |   +297 | dirty
2026-07-18 16:11:30 | REMOVE | backend/src/routes/teacher.ts            |    0 |   -297 | 
2026-07-18 16:11:30 | CREATE | backend/src/routes/teacher.ts            |  371 |   +371 | dirty
2026-07-18 16:11:39 | CREATE | frontend/src/api/teacher.ts              |   63 |    +63 | 
2026-07-18 16:11:59 | REMOVE | frontend/src/app/TeacherApp.tsx          |    0 |   -774 | 
2026-07-18 16:11:59 | CREATE | frontend/src/app/TeacherApp.tsx          |  778 |   +778 | dirty
2026-07-18 17:58:06 | REMOVE | frontend/src/app/TeacherApp.tsx          |    0 |   -778 | 
2026-07-18 17:58:06 | CREATE | frontend/src/app/TeacherApp.tsx          |  798 |   +798 | dirty
2026-07-18 17:58:18 | REMOVE | frontend/src/app/TeacherApp.tsx          |    0 |   -798 | 
2026-07-18 17:58:18 | CREATE | frontend/src/app/TeacherApp.tsx          |  811 |   +811 | dirty
2026-07-18 17:58:31 | REMOVE | frontend/src/app/TeacherApp.tsx          |    0 |   -811 | 
2026-07-18 17:58:31 | CREATE | frontend/src/app/TeacherApp.tsx          |  809 |   +809 | dirty
2026-07-18 17:58:39 | REMOVE | frontend/src/app/TeacherApp.tsx          |    0 |   -809 | 
2026-07-18 17:58:39 | CREATE | frontend/src/app/TeacherApp.tsx          |  809 |   +809 | dirty
2026-07-18 17:58:49 | REMOVE | frontend/src/app/TeacherApp.tsx          |    0 |   -809 | 
2026-07-18 17:58:49 | CREATE | frontend/src/app/TeacherApp.tsx          |  814 |   +814 | dirty
2026-07-18 17:58:55 | REMOVE | frontend/src/app/TeacherApp.tsx          |    0 |   -814 | 
2026-07-18 17:58:55 | CREATE | frontend/src/app/TeacherApp.tsx          |  813 |   +813 | dirty
2026-07-18 17:59:54 | REMOVE | frontend/src/app/TeacherApp.tsx          |    0 |   -813 | 
2026-07-18 17:59:54 | CREATE | frontend/src/app/TeacherApp.tsx          |  966 |   +966 | dirty
2026-07-18 18:00:17 | REMOVE | frontend/src/app/TeacherApp.tsx          |    0 |   -966 | 
2026-07-18 18:00:17 | CREATE | frontend/src/app/TeacherApp.tsx          |  966 |   +966 | dirty
2026-07-18 18:01:02 | CREATE | backend/probe.ts                         |    0 |        | 
2026-07-18 18:01:02 | WRITE  | backend/probe.ts                         |    7 |     +7 | 
2026-07-18 18:01:22 | WRITE  | backend/probe.ts                         |   18 |    +11 | 
2026-07-18 18:02:12 | WRITE  | backend/probe.ts                         |   16 |     -2 | 
2026-07-18 18:02:13 | REMOVE | backend/probe.ts                         |    0 |    -16 | 
2026-07-18 18:05:54 | REMOVE | frontend/src/app/TeacherApp.tsx          |    0 |   -966 | 
2026-07-18 18:05:54 | CREATE | frontend/src/app/TeacherApp.tsx          |  967 |   +967 | dirty
